#
# A fatal error has been detected by the Java Runtime Environment:
#
#  EXCEPTION_ACCESS_VIOLATION (0xc0000005) at pc=0x00007ffed7a212e4, pid=13636, tid=8248
#
# JRE version: Java(TM) SE Runtime Environment (16.0.2+7) (build 16.0.2+7-67)
# Java VM: Java HotSpot(TM) 64-Bit Server VM (16.0.2+7-67, mixed mode, sharing, tiered, compressed oops, compressed class ptrs, g1 gc, windows-amd64)
# Problematic frame:
# V  [jvm.dll+0x2e12e4]
#
# No core dump will be written. Minidumps are not enabled by default on client versions of Windows
#
# If you would like to submit a bug report, please visit:
#   https://bugreport.java.com/bugreport/crash.jsp
#

---------------  S U M M A R Y ------------

Command Line: -agentlib:jdwp=transport=dt_socket,server=n,suspend=y,address=localhost:63421 --enable-preview -XX:+ShowCodeDetailsInExceptionMessages -Dfile.encoding=UTF-8 com.youhogeon.acmicpc.Main

Host: Intel(R) Core(TM) i7-10700K CPU @ 3.80GHz, 16 cores, 47G,  Windows 10 , 64 bit Build 19041 (10.0.19041.1151)
Time: Wed Sep  1 21:05:09 2021  Windows 10 , 64 bit Build 19041 (10.0.19041.1151) elapsed time: 1.156949 seconds (0d 0h 0m 1s)

---------------  T H R E A D  ---------------

Current thread (0x00000150ff2d0e40):  GCTaskThread "GC Thread#10" [stack: 0x0000004760400000,0x0000004760500000] [id=8248]

Stack: [0x0000004760400000,0x0000004760500000],  sp=0x00000047604ff320,  free space=1020k
Native frames: (J=compiled Java code, j=interpreted, Vv=VM code, C=native code)
V  [jvm.dll+0x2e12e4]
V  [jvm.dll+0x2fe7ee]
V  [jvm.dll+0x2d1fd4]
V  [jvm.dll+0x2d28da]
V  [jvm.dll+0x2d29d7]
V  [jvm.dll+0x2d84bb]
V  [jvm.dll+0x7f7f0b]
V  [jvm.dll+0x7795aa]
V  [jvm.dll+0x667066]
C  [ucrtbase.dll+0x21bb2]
C  [KERNEL32.DLL+0x17034]
C  [ntdll.dll+0x52651]


siginfo: EXCEPTION_ACCESS_VIOLATION (0xc0000005), data execution prevention violation at address 0x00007ffe95a212e4


Register to memory mapping:

RIP=0x00007ffed7a212e4 jvm.dll
RAX=0x000000000001ac00 is an unknown value
RBX=0x0000000000000003 is an unknown value
RCX=0x00000150ed758fe0 points into unknown readable memory: 0x0000000000000000 | 00 00 00 00 00 00 00 00
RDX=0x000000000000000a is an unknown value
RSP=0x00000047604ff320 points into unknown readable memory: 0x00000150ff209180 | 80 91 20 ff 50 01 00 00
RBP=0x000000000000000c is an unknown value
RSI=0x0000000000000050 is an unknown value
RDI=0x00000150ed74bbf0 points into unknown readable memory: 0x00007ffed8022008 | 08 20 02 d8 fe 7f 00 00
R8 =0x0 is NULL
R9 =0x0 is NULL
R10=0x0 is NULL
R11=0x00000150ed757c30 points into unknown readable memory: 0x0000000000000000 | 00 00 00 00 00 00 00 00
R12=0x0 is NULL
R13=0x00000047604ff480 points into unknown readable memory: 0x00007ffed8021fd0 | d0 1f 02 d8 fe 7f 00 00
R14=0x0 is NULL
R15=0x00000047604ff3b0 points into unknown readable memory: 0x000000050b33be6d | 6d be 33 0b 05 00 00 00


Registers:
RAX=0x000000000001ac00, RBX=0x0000000000000003, RCX=0x00000150ed758fe0, RDX=0x000000000000000a
RSP=0x00000047604ff320, RBP=0x000000000000000c, RSI=0x0000000000000050, RDI=0x00000150ed74bbf0
R8 =0x0000000000000000, R9 =0x0000000000000000, R10=0x0000000000000000, R11=0x00000150ed757c30
R12=0x0000000000000000, R13=0x00000047604ff480, R14=0x0000000000000000, R15=0x00000047604ff3b0
RIP=0x00007ffed7a212e4, EFLAGS=0x0000000000010246

Top of Stack: (sp=0x00000047604ff320)
0x00000047604ff320:   00000150ff209180 0000000000000006
0x00000047604ff330:   0000000000000006 00000150ff209180
0x00000047604ff340:   0000000000000002 0000000000000000
0x00000047604ff350:   000000050b4045f0 00007ffed7a3e7ee
0x00000047604ff360:   000215cc00019f42 00000150ff209180
0x00000047604ff370:   00000150ed74bbf0 0001f5f50001bdad
0x00000047604ff380:   0000000000000000 00000047604ff400
0x00000047604ff390:   0000000000000000 00007ffed7a11fd4
0x00000047604ff3a0:   000001a5fffb0001 00007ffed8026300
0x00000047604ff3b0:   000000050b33be6d 00007ffed8026300
0x00000047604ff3c0:   000000000000000d 00007ffed7a33387
0x00000047604ff3d0:   0000000000000000 0000000000000000
0x00000047604ff3e0:   0000004700000000 00007ffed7ec887e
0x00000047604ff3f0:   0000000000000000 0000000000000000
0x00000047604ff400:   00000150fefc7eb0 00000150ff24e5e0
0x00000047604ff410:   00000000000003d8 00000150fefc8288 

Instructions: (pc=0x00007ffed7a212e4)
0x00007ffed7a211e4:   e2 ff ff 01 00 41 81 fa ff ff 01 00 45 0f 44 d4
0x00007ffed7a211f4:   48 8d 34 c5 00 00 00 00 48 8b 47 10 48 8b 0c 06
0x00007ffed7a21204:   8b 81 00 01 00 00 44 8b 81 80 00 00 00 44 2b c0
0x00007ffed7a21214:   32 c0 41 81 e0 ff ff 01 00 41 81 f8 ff ff 01 00
0x00007ffed7a21224:   45 0f 44 c4 45 3b c2 76 21 48 8b 47 10 48 8b 34
0x00007ffed7a21234:   06 48 8b 86 00 01 00 00 48 89 44 24 40 8b 8e 80
0x00007ffed7a21244:   00 00 00 48 8b 44 24 40 eb 2b 45 85 d2 0f 84 8d
0x00007ffed7a21254:   00 00 00 48 8b 47 10 41 8b d1 49 8b 34 06 48 8b
0x00007ffed7a21264:   86 00 01 00 00 48 89 44 24 58 8b 8e 80 00 00 00
0x00007ffed7a21274:   48 8b 44 24 58 2b c8 81 e1 ff ff 01 00 81 f9 ff
0x00007ffed7a21284:   ff 01 00 41 0f 44 cc 85 c9 75 13 ba ff ff ff ff
0x00007ffed7a21294:   32 c0 41 89 93 00 02 00 00 e9 cc 00 00 00 48 8b
0x00007ffed7a212a4:   8e 80 01 00 00 4c 8b c8 44 8b c0 4e 8b 04 c1 8d
0x00007ffed7a212b4:   48 01 81 e1 ff ff 01 00 4d 89 07 45 8b c4 41 0f
0x00007ffed7a212c4:   94 c0 49 c1 e9 20 45 03 c8 49 c1 e1 20 4c 0b c9
0x00007ffed7a212d4:   f0 4c 0f b1 8e 00 01 00 00 0f 94 c0 84 c0 75 05
0x00007ffed7a212e4:   ba ff ff ff ff 41 89 93 00 02 00 00 eb 7c 75 7e
0x00007ffed7a212f4:   48 8b 47 10 8d 4b ff 83 e1 01 4c 8b 14 c8 49 8b
0x00007ffed7a21304:   82 00 01 00 00 48 89 04 24 41 8b 8a 80 00 00 00
0x00007ffed7a21314:   48 8b 04 24 2b c8 81 e1 ff ff 01 00 81 f9 ff ff
0x00007ffed7a21324:   01 00 41 0f 44 cc 85 c9 75 04 32 c0 eb 3c 49 8b
0x00007ffed7a21334:   8a 80 01 00 00 4c 8b c0 8b d0 48 8b 14 d1 8d 48
0x00007ffed7a21344:   01 81 e1 ff ff 01 00 49 89 17 41 8b d4 0f 94 c2
0x00007ffed7a21354:   49 c1 e8 20 44 03 c2 49 c1 e0 20 4c 0b c1 f0 4d
0x00007ffed7a21364:   0f b1 82 00 01 00 00 0f 94 c0 84 c0 75 29 8b 4f
0x00007ffed7a21374:   08 ff c5 8d 04 09 3b e8 0f 82 80 fd ff ff 32 c0
0x00007ffed7a21384:   48 8b 5c 24 48 48 8b 6c 24 50 48 83 c4 10 41 5f
0x00007ffed7a21394:   41 5e 41 5c 5f 5e c3 b0 01 eb e5 cc 48 8b 91 90
0x00007ffed7a213a4:   00 00 00 48 8b 81 98 00 00 00 48 89 81 90 00 00
0x00007ffed7a213b4:   00 48 89 91 98 00 00 00 c3 cc cc cc 48 8b 89 48
0x00007ffed7a213c4:   07 00 00 e9 94 6e 51 00 cc cc cc cc 48 89 54 24
0x00007ffed7a213d4:   10 4c 89 44 24 18 4c 89 4c 24 20 53 48 83 ec 20 


Stack slot to memory mapping:
stack at sp + 0 slots: 0x00000150ff209180 points into unknown readable memory: 0x00007ffed8028918 | 18 89 02 d8 fe 7f 00 00
stack at sp + 1 slots: 0x0000000000000006 is an unknown value
stack at sp + 2 slots: 0x0000000000000006 is an unknown value
stack at sp + 3 slots: 0x00000150ff209180 points into unknown readable memory: 0x00007ffed8028918 | 18 89 02 d8 fe 7f 00 00
stack at sp + 4 slots: 0x0000000000000002 is an unknown value
stack at sp + 5 slots: 0x0 is NULL
stack at sp + 6 slots: 0x000000050b4045f0 is pointing into object: java.util.LinkedList$Node 
{0x000000050b4045e0} - klass: 'java/util/LinkedList$Node'
stack at sp + 7 slots: 0x00007ffed7a3e7ee jvm.dll


---------------  P R O C E S S  ---------------

Threads class SMR info:
_java_thread_list=0x00000150ff0d8d70, length=16, elements={
0x00000150ed73c9a0, 0x00000150feed1480, 0x00000150feed2080, 0x00000150fef74220,
0x00000150fef74c30, 0x00000150fef79650, 0x00000150fef7a050, 0x00000150fef80340,
0x00000150feeeb020, 0x00000150fef93d80, 0x00000150ff092640, 0x00000150ff0e47c0,
0x00000150ff0e9030, 0x00000150ff0eb580, 0x00000150ff0f0f20, 0x00000150ff0f3930
}

Java Threads: ( => current thread )
  0x00000150ed73c9a0 JavaThread "main" [_thread_blocked, id=30536, stack(0x000000475e400000,0x000000475e500000)]
  0x00000150feed1480 JavaThread "Reference Handler" daemon [_thread_blocked, id=13416, stack(0x000000475eb00000,0x000000475ec00000)]
  0x00000150feed2080 JavaThread "Finalizer" daemon [_thread_blocked, id=12840, stack(0x000000475ec00000,0x000000475ed00000)]
  0x00000150fef74220 JavaThread "Signal Dispatcher" daemon [_thread_blocked, id=8468, stack(0x000000475ed00000,0x000000475ee00000)]
  0x00000150fef74c30 JavaThread "Attach Listener" daemon [_thread_blocked, id=27128, stack(0x000000475ee00000,0x000000475ef00000)]
  0x00000150fef79650 JavaThread "Service Thread" daemon [_thread_blocked, id=28260, stack(0x000000475ef00000,0x000000475f000000)]
  0x00000150fef7a050 JavaThread "Monitor Deflation Thread" daemon [_thread_blocked, id=7800, stack(0x000000475f000000,0x000000475f100000)]
  0x00000150fef80340 JavaThread "C2 CompilerThread0" daemon [_thread_blocked, id=20412, stack(0x000000475f100000,0x000000475f200000)]
  0x00000150feeeb020 JavaThread "C1 CompilerThread0" daemon [_thread_blocked, id=31228, stack(0x000000475f200000,0x000000475f300000)]
  0x00000150fef93d80 JavaThread "Sweeper thread" daemon [_thread_blocked, id=24488, stack(0x000000475f300000,0x000000475f400000)]
  0x00000150ff092640 JavaThread "C1 CompilerThread1" daemon [_thread_blocked, id=14660, stack(0x000000475f400000,0x000000475f500000)]
  0x00000150ff0e47c0 JavaThread "JDWP Transport Listener: dt_socket" daemon [_thread_blocked, id=22040, stack(0x000000475f500000,0x000000475f600000)]
  0x00000150ff0e9030 JavaThread "JDWP Event Helper Thread" daemon [_thread_blocked, id=26264, stack(0x000000475f600000,0x000000475f700000)]
  0x00000150ff0eb580 JavaThread "JDWP Command Reader" daemon [_thread_in_native, id=7932, stack(0x000000475f700000,0x000000475f800000)]
  0x00000150ff0f0f20 JavaThread "Notification Thread" daemon [_thread_blocked, id=22316, stack(0x000000475f800000,0x000000475f900000)]
  0x00000150ff0f3930 JavaThread "Common-Cleaner" daemon [_thread_blocked, id=24676, stack(0x000000475fa00000,0x000000475fb00000)]

Other Threads:
  0x00000150feecb580 VMThread "VM Thread" [stack: 0x000000475ea00000,0x000000475eb00000] [id=13772]
  0x00000150ff0f3640 WatcherThread [stack: 0x000000475f900000,0x000000475fa00000] [id=28684]
  0x00000150ed7cf6e0 GCTaskThread "GC Thread#0" [stack: 0x000000475e500000,0x000000475e600000] [id=28816]
  0x00000150ff24e9a0 GCTaskThread "GC Thread#1" [stack: 0x000000475fb00000,0x000000475fc00000] [id=23424]
  0x00000150ff266fd0 GCTaskThread "GC Thread#2" [stack: 0x000000475fc00000,0x000000475fd00000] [id=11820]
  0x00000150ff2672e0 GCTaskThread "GC Thread#3" [stack: 0x000000475fd00000,0x000000475fe00000] [id=25324]
  0x00000150ff2675f0 GCTaskThread "GC Thread#4" [stack: 0x000000475fe00000,0x000000475ff00000] [id=8504]
  0x00000150ff173140 GCTaskThread "GC Thread#5" [stack: 0x000000475ff00000,0x0000004760000000] [id=27384]
  0x00000150ff173850 GCTaskThread "GC Thread#6" [stack: 0x0000004760000000,0x0000004760100000] [id=28140]
  0x00000150ff173b60 GCTaskThread "GC Thread#7" [stack: 0x0000004760100000,0x0000004760200000] [id=2396]
  0x00000150ff2d0820 GCTaskThread "GC Thread#8" [stack: 0x0000004760200000,0x0000004760300000] [id=28096]
  0x00000150ff2d0b30 GCTaskThread "GC Thread#9" [stack: 0x0000004760300000,0x0000004760400000] [id=10432]
=>0x00000150ff2d0e40 GCTaskThread "GC Thread#10" [stack: 0x0000004760400000,0x0000004760500000] [id=8248]
  0x00000150ff2d1150 GCTaskThread "GC Thread#11" [stack: 0x0000004760500000,0x0000004760600000] [id=22024]
  0x00000150ff2d1460 GCTaskThread "GC Thread#12" [stack: 0x0000004760600000,0x0000004760700000] [id=21872]
  0x00000150ed7dd5e0 ConcurrentGCThread "G1 Main Marker" [stack: 0x000000475e600000,0x000000475e700000] [id=20160]
  0x00000150ed7de690 ConcurrentGCThread "G1 Conc#0" [stack: 0x000000475e700000,0x000000475e800000] [id=30384]
  0x00000150ed81e420 ConcurrentGCThread "G1 Refine#0" [stack: 0x000000475e800000,0x000000475e900000] [id=26908]
  0x00000150ff1db980 ConcurrentGCThread "G1 Refine#1" [stack: 0x0000004760700000,0x0000004760800000] [id=27220]
  0x00000150ff1ce6f0 ConcurrentGCThread "G1 Refine#2" [stack: 0x0000004760800000,0x0000004760900000] [id=5388]
  0x00000150ff2e1fa0 ConcurrentGCThread "G1 Refine#3" [stack: 0x0000004760900000,0x0000004760a00000] [id=1396]
  0x00000150a708c850 ConcurrentGCThread "G1 Refine#4" [stack: 0x0000004760a00000,0x0000004760b00000] [id=25100]
  0x00000150ff275e60 ConcurrentGCThread "G1 Refine#5" [stack: 0x0000004760b00000,0x0000004760c00000] [id=10184]
  0x00000150ff1c4500 ConcurrentGCThread "G1 Refine#6" [stack: 0x0000004760c00000,0x0000004760d00000] [id=24384]
  0x00000150ff1c5670 ConcurrentGCThread "G1 Refine#7" [stack: 0x0000004760d00000,0x0000004760e00000] [id=11908]
  0x00000150ff1c5dd0 ConcurrentGCThread "G1 Refine#8" [stack: 0x0000004760e00000,0x0000004760f00000] [id=11928]
  0x00000150a712fc00 ConcurrentGCThread "G1 Refine#9" [stack: 0x0000004760f00000,0x0000004761000000] [id=28504]
  0x00000150a7130350 ConcurrentGCThread "G1 Refine#10" [stack: 0x0000004761000000,0x0000004761100000] [id=3008]
  0x00000150ff1a4360 ConcurrentGCThread "G1 Refine#11" [stack: 0x0000004761100000,0x0000004761200000] [id=30588]
  0x00000150ff1a3ce0 ConcurrentGCThread "G1 Refine#12" [stack: 0x0000004761200000,0x0000004761300000] [id=29616]
  0x00000150fedfe010 ConcurrentGCThread "G1 Service" [stack: 0x000000475e900000,0x000000475ea00000] [id=28764]

Threads with active compile tasks:

VM state: at safepoint (normal execution)

VM Mutex/Monitor currently owned by a thread:  ([mutex/lock_event])
[0x00000150ed7391e0] Threads_lock - owner thread: 0x00000150feecb580
[0x00000150ed737800] Heap_lock - owner thread: 0x00000150ed73c9a0

Heap address: 0x0000000501800000, size: 12264 MB, Compressed Oops mode: Zero based, Oop shift amount: 3

CDS archive(s) mapped at: [0x0000000800000000-0x0000000800bb0000-0x0000000800bb0000), size 12255232, SharedBaseAddress: 0x0000000800000000, ArchiveRelocationMode: 0.
Compressed class space mapped at: 0x0000000800c00000-0x0000000840c00000, reserved size: 1073741824
Narrow klass base: 0x0000000800000000, Narrow klass shift: 3, Narrow klass range: 0x100000000

GC Precious Log:
 CPUs: 16 total, 16 available
 Memory: 49049M
 Large Page Support: Disabled
 NUMA Support: Disabled
 Compressed Oops: Enabled (Zero based)
 Heap Region Size: 8M
 Heap Min Capacity: 8M
 Heap Initial Capacity: 768M
 Heap Max Capacity: 12264M
 Pre-touch: Disabled
 Parallel Workers: 13
 Concurrent Workers: 3
 Concurrent Refinement Workers: 13
 Periodic GC: Disabled

Heap:
 garbage-first heap   total 2359296K, used 257810K [0x0000000501800000, 0x0000000800000000)
  region size 8192K, 14 young (114688K), 2 survivors (16384K)
 Metaspace       used 292K, committed 512K, reserved 1056768K
  class space    used 17K, committed 128K, reserved 1048576K

Heap Regions: E=young(eden), S=young(survivor), O=old, HS=humongous(starts), HC=humongous(continues), CS=collection set, F=free, OA=open archive, CA=closed archive, TAMS=top-at-mark-start (previous, next)
|   0|0x0000000501800000, 0x0000000502000000, 0x0000000502000000|100%| O|  |TAMS 0x0000000501800000, 0x0000000501800000| Untracked 
|   1|0x0000000502000000, 0x0000000502800000, 0x0000000502800000|100%| O|  |TAMS 0x0000000502000000, 0x0000000502000000| Untracked 
|   2|0x0000000502800000, 0x0000000503000000, 0x0000000503000000|100%| O|  |TAMS 0x0000000502800000, 0x0000000502800000| Untracked 
|   3|0x0000000503000000, 0x0000000503800000, 0x0000000503800000|100%| O|  |TAMS 0x0000000503000000, 0x0000000503000000| Untracked 
|   4|0x0000000503800000, 0x0000000504000000, 0x0000000504000000|100%| O|  |TAMS 0x0000000503800000, 0x0000000503800000| Untracked 
|   5|0x0000000504000000, 0x0000000504800000, 0x0000000504800000|100%| O|  |TAMS 0x0000000504000000, 0x0000000504000000| Untracked 
|   6|0x0000000504800000, 0x0000000505000000, 0x0000000505000000|100%| O|  |TAMS 0x0000000504800000, 0x0000000504800000| Untracked 
|   7|0x0000000505000000, 0x0000000505800000, 0x0000000505800000|100%| O|  |TAMS 0x0000000505000000, 0x0000000505000000| Untracked 
|   8|0x0000000505800000, 0x0000000506000000, 0x0000000506000000|100%| O|  |TAMS 0x0000000505800000, 0x0000000505800000| Untracked 
|   9|0x0000000506000000, 0x0000000506800000, 0x0000000506800000|100%| O|  |TAMS 0x0000000506000000, 0x0000000506000000| Untracked 
|  10|0x0000000506800000, 0x0000000507000000, 0x0000000507000000|100%| O|  |TAMS 0x0000000506800000, 0x0000000506800000| Untracked 
|  11|0x0000000507000000, 0x0000000507800000, 0x0000000507800000|100%| O|  |TAMS 0x0000000507000000, 0x0000000507000000| Untracked 
|  12|0x0000000507800000, 0x0000000508000000, 0x0000000508000000|100%| O|  |TAMS 0x0000000507800000, 0x0000000507800000| Untracked 
|  13|0x0000000508000000, 0x0000000508800000, 0x0000000508800000|100%| O|  |TAMS 0x0000000508000000, 0x0000000508000000| Untracked 
|  14|0x0000000508800000, 0x0000000509000000, 0x0000000509000000|100%| O|  |TAMS 0x0000000508800000, 0x0000000508800000| Untracked 
|  15|0x0000000509000000, 0x0000000509800000, 0x0000000509800000|100%| O|  |TAMS 0x0000000509000000, 0x0000000509000000| Untracked 
|  16|0x0000000509800000, 0x000000050a000000, 0x000000050a000000|100%| O|  |TAMS 0x0000000509800000, 0x0000000509800000| Untracked 
|  17|0x000000050a000000, 0x000000050a800000, 0x000000050a800000|100%| O|  |TAMS 0x000000050a000000, 0x000000050a000000| Untracked 
|  18|0x000000050a800000, 0x000000050b000000, 0x000000050b000000|100%| O|  |TAMS 0x000000050a800000, 0x000000050a800000| Untracked 
|  19|0x000000050b000000, 0x000000050b800000, 0x000000050b800000|100%| O|  |TAMS 0x000000050b000000, 0x000000050b000000| Untracked 
|  20|0x000000050b800000, 0x000000050c000000, 0x000000050c000000|100%| O|  |TAMS 0x000000050b800000, 0x000000050b800000| Untracked 
|  21|0x000000050c000000, 0x000000050c7e9aa0, 0x000000050c800000| 98%| O|  |TAMS 0x000000050c000000, 0x000000050c000000| Untracked 
|  22|0x000000050c800000, 0x000000050c800000, 0x000000050d000000|  0%| F|  |TAMS 0x000000050c800000, 0x000000050c800000| Untracked 
|  23|0x000000050d000000, 0x000000050d000000, 0x000000050d800000|  0%| F|  |TAMS 0x000000050d000000, 0x000000050d000000| Untracked 
|  24|0x000000050d800000, 0x000000050d800000, 0x000000050e000000|  0%| F|  |TAMS 0x000000050d800000, 0x000000050d800000| Untracked 
|  25|0x000000050e000000, 0x000000050e000000, 0x000000050e800000|  0%| F|  |TAMS 0x000000050e000000, 0x000000050e000000| Untracked 
|  26|0x000000050e800000, 0x000000050e800000, 0x000000050f000000|  0%| F|  |TAMS 0x000000050e800000, 0x000000050e800000| Untracked 
|  27|0x000000050f000000, 0x000000050f000000, 0x000000050f800000|  0%| F|  |TAMS 0x000000050f000000, 0x000000050f000000| Untracked 
|  28|0x000000050f800000, 0x000000050f800000, 0x0000000510000000|  0%| F|  |TAMS 0x000000050f800000, 0x000000050f800000| Untracked 
|  29|0x0000000510000000, 0x0000000510000000, 0x0000000510800000|  0%| F|  |TAMS 0x0000000510000000, 0x0000000510000000| Untracked 
|  30|0x0000000510800000, 0x0000000510800000, 0x0000000511000000|  0%| F|  |TAMS 0x0000000510800000, 0x0000000510800000| Untracked 
|  31|0x0000000511000000, 0x0000000511000000, 0x0000000511800000|  0%| F|  |TAMS 0x0000000511000000, 0x0000000511000000| Untracked 
|  32|0x0000000511800000, 0x0000000511800000, 0x0000000512000000|  0%| F|  |TAMS 0x0000000511800000, 0x0000000511800000| Untracked 
|  33|0x0000000512000000, 0x0000000512000000, 0x0000000512800000|  0%| F|  |TAMS 0x0000000512000000, 0x0000000512000000| Untracked 
|  34|0x0000000512800000, 0x0000000512800000, 0x0000000513000000|  0%| F|  |TAMS 0x0000000512800000, 0x0000000512800000| Untracked 
|  35|0x0000000513000000, 0x0000000513000000, 0x0000000513800000|  0%| F|  |TAMS 0x0000000513000000, 0x0000000513000000| Untracked 
|  36|0x0000000513800000, 0x0000000513800000, 0x0000000514000000|  0%| F|  |TAMS 0x0000000513800000, 0x0000000513800000| Untracked 
|  37|0x0000000514000000, 0x0000000514000000, 0x0000000514800000|  0%| F|  |TAMS 0x0000000514000000, 0x0000000514000000| Untracked 
|  38|0x0000000514800000, 0x0000000514800000, 0x0000000515000000|  0%| F|  |TAMS 0x0000000514800000, 0x0000000514800000| Untracked 
|  39|0x0000000515000000, 0x0000000515000000, 0x0000000515800000|  0%| F|  |TAMS 0x0000000515000000, 0x0000000515000000| Untracked 
|  40|0x0000000515800000, 0x0000000515800000, 0x0000000516000000|  0%| F|  |TAMS 0x0000000515800000, 0x0000000515800000| Untracked 
|  41|0x0000000516000000, 0x0000000516000000, 0x0000000516800000|  0%| F|  |TAMS 0x0000000516000000, 0x0000000516000000| Untracked 
|  42|0x0000000516800000, 0x0000000516800000, 0x0000000517000000|  0%| F|  |TAMS 0x0000000516800000, 0x0000000516800000| Untracked 
|  43|0x0000000517000000, 0x0000000517000000, 0x0000000517800000|  0%| F|  |TAMS 0x0000000517000000, 0x0000000517000000| Untracked 
|  44|0x0000000517800000, 0x0000000517800000, 0x0000000518000000|  0%| F|  |TAMS 0x0000000517800000, 0x0000000517800000| Untracked 
|  45|0x0000000518000000, 0x0000000518000000, 0x0000000518800000|  0%| F|  |TAMS 0x0000000518000000, 0x0000000518000000| Untracked 
|  46|0x0000000518800000, 0x0000000518800000, 0x0000000519000000|  0%| F|  |TAMS 0x0000000518800000, 0x0000000518800000| Untracked 
|  47|0x0000000519000000, 0x0000000519000000, 0x0000000519800000|  0%| F|  |TAMS 0x0000000519000000, 0x0000000519000000| Untracked 
|  48|0x0000000519800000, 0x0000000519800000, 0x000000051a000000|  0%| F|  |TAMS 0x0000000519800000, 0x0000000519800000| Untracked 
|  49|0x000000051a000000, 0x000000051a000000, 0x000000051a800000|  0%| F|  |TAMS 0x000000051a000000, 0x000000051a000000| Untracked 
|  50|0x000000051a800000, 0x000000051a800000, 0x000000051b000000|  0%| F|  |TAMS 0x000000051a800000, 0x000000051a800000| Untracked 
|  51|0x000000051b000000, 0x000000051b000000, 0x000000051b800000|  0%| F|  |TAMS 0x000000051b000000, 0x000000051b000000| Untracked 
|  52|0x000000051b800000, 0x000000051b800000, 0x000000051c000000|  0%| F|  |TAMS 0x000000051b800000, 0x000000051b800000| Untracked 
|  53|0x000000051c000000, 0x000000051c000000, 0x000000051c800000|  0%| F|  |TAMS 0x000000051c000000, 0x000000051c000000| Untracked 
|  54|0x000000051c800000, 0x000000051c800000, 0x000000051d000000|  0%| F|  |TAMS 0x000000051c800000, 0x000000051c800000| Untracked 
|  55|0x000000051d000000, 0x000000051d000000, 0x000000051d800000|  0%| F|  |TAMS 0x000000051d000000, 0x000000051d000000| Untracked 
|  56|0x000000051d800000, 0x000000051d800000, 0x000000051e000000|  0%| F|  |TAMS 0x000000051d800000, 0x000000051d800000| Untracked 
|  57|0x000000051e000000, 0x000000051e000000, 0x000000051e800000|  0%| F|  |TAMS 0x000000051e000000, 0x000000051e000000| Untracked 
|  58|0x000000051e800000, 0x000000051e800000, 0x000000051f000000|  0%| F|  |TAMS 0x000000051e800000, 0x000000051e800000| Untracked 
|  59|0x000000051f000000, 0x000000051f000000, 0x000000051f800000|  0%| F|  |TAMS 0x000000051f000000, 0x000000051f000000| Untracked 
|  60|0x000000051f800000, 0x000000051f800000, 0x0000000520000000|  0%| F|  |TAMS 0x000000051f800000, 0x000000051f800000| Untracked 
|  61|0x0000000520000000, 0x0000000520000000, 0x0000000520800000|  0%| F|  |TAMS 0x0000000520000000, 0x0000000520000000| Untracked 
|  62|0x0000000520800000, 0x0000000520800000, 0x0000000521000000|  0%| F|  |TAMS 0x0000000520800000, 0x0000000520800000| Untracked 
|  63|0x0000000521000000, 0x0000000521000000, 0x0000000521800000|  0%| F|  |TAMS 0x0000000521000000, 0x0000000521000000| Untracked 
|  64|0x0000000521800000, 0x0000000521800000, 0x0000000522000000|  0%| F|  |TAMS 0x0000000521800000, 0x0000000521800000| Untracked 
|  65|0x0000000522000000, 0x0000000522000000, 0x0000000522800000|  0%| F|  |TAMS 0x0000000522000000, 0x0000000522000000| Untracked 
|  66|0x0000000522800000, 0x0000000522800000, 0x0000000523000000|  0%| F|  |TAMS 0x0000000522800000, 0x0000000522800000| Untracked 
|  67|0x0000000523000000, 0x0000000523000000, 0x0000000523800000|  0%| F|  |TAMS 0x0000000523000000, 0x0000000523000000| Untracked 
|  68|0x0000000523800000, 0x0000000523800000, 0x0000000524000000|  0%| F|  |TAMS 0x0000000523800000, 0x0000000523800000| Untracked 
|  69|0x0000000524000000, 0x0000000524000000, 0x0000000524800000|  0%| F|  |TAMS 0x0000000524000000, 0x0000000524000000| Untracked 
|  70|0x0000000524800000, 0x0000000524800000, 0x0000000525000000|  0%| F|  |TAMS 0x0000000524800000, 0x0000000524800000| Untracked 
|  71|0x0000000525000000, 0x0000000525000000, 0x0000000525800000|  0%| F|  |TAMS 0x0000000525000000, 0x0000000525000000| Untracked 
|  72|0x0000000525800000, 0x0000000525800000, 0x0000000526000000|  0%| F|  |TAMS 0x0000000525800000, 0x0000000525800000| Untracked 
|  73|0x0000000526000000, 0x0000000526000000, 0x0000000526800000|  0%| F|  |TAMS 0x0000000526000000, 0x0000000526000000| Untracked 
|  74|0x0000000526800000, 0x0000000526800000, 0x0000000527000000|  0%| F|  |TAMS 0x0000000526800000, 0x0000000526800000| Untracked 
|  75|0x0000000527000000, 0x0000000527000000, 0x0000000527800000|  0%| F|  |TAMS 0x0000000527000000, 0x0000000527000000| Untracked 
|  76|0x0000000527800000, 0x0000000527800000, 0x0000000528000000|  0%| F|  |TAMS 0x0000000527800000, 0x0000000527800000| Untracked 
|  77|0x0000000528000000, 0x0000000528000000, 0x0000000528800000|  0%| F|  |TAMS 0x0000000528000000, 0x0000000528000000| Untracked 
|  78|0x0000000528800000, 0x0000000528800000, 0x0000000529000000|  0%| F|  |TAMS 0x0000000528800000, 0x0000000528800000| Untracked 
|  79|0x0000000529000000, 0x0000000529000000, 0x0000000529800000|  0%| F|  |TAMS 0x0000000529000000, 0x0000000529000000| Untracked 
|  80|0x0000000529800000, 0x0000000529800000, 0x000000052a000000|  0%| F|  |TAMS 0x0000000529800000, 0x0000000529800000| Untracked 
|  81|0x000000052a000000, 0x000000052a000000, 0x000000052a800000|  0%| F|  |TAMS 0x000000052a000000, 0x000000052a000000| Untracked 
|  82|0x000000052a800000, 0x000000052a800000, 0x000000052b000000|  0%| F|  |TAMS 0x000000052a800000, 0x000000052a800000| Untracked 
|  83|0x000000052b000000, 0x000000052b000000, 0x000000052b800000|  0%| F|  |TAMS 0x000000052b000000, 0x000000052b000000| Untracked 
|  84|0x000000052b800000, 0x000000052b800000, 0x000000052c000000|  0%| F|  |TAMS 0x000000052b800000, 0x000000052b800000| Untracked 
|  85|0x000000052c000000, 0x000000052c000000, 0x000000052c800000|  0%| F|  |TAMS 0x000000052c000000, 0x000000052c000000| Untracked 
|  86|0x000000052c800000, 0x000000052c800000, 0x000000052d000000|  0%| F|  |TAMS 0x000000052c800000, 0x000000052c800000| Untracked 
|  87|0x000000052d000000, 0x000000052d000000, 0x000000052d800000|  0%| F|  |TAMS 0x000000052d000000, 0x000000052d000000| Untracked 
|  88|0x000000052d800000, 0x000000052d800000, 0x000000052e000000|  0%| F|  |TAMS 0x000000052d800000, 0x000000052d800000| Untracked 
|  89|0x000000052e000000, 0x000000052e000000, 0x000000052e800000|  0%| F|  |TAMS 0x000000052e000000, 0x000000052e000000| Untracked 
|  90|0x000000052e800000, 0x000000052e800000, 0x000000052f000000|  0%| F|  |TAMS 0x000000052e800000, 0x000000052e800000| Untracked 
|  91|0x000000052f000000, 0x000000052f000000, 0x000000052f800000|  0%| F|  |TAMS 0x000000052f000000, 0x000000052f000000| Untracked 
|  92|0x000000052f800000, 0x000000052f800000, 0x0000000530000000|  0%| F|  |TAMS 0x000000052f800000, 0x000000052f800000| Untracked 
|  93|0x0000000530000000, 0x0000000530000000, 0x0000000530800000|  0%| F|  |TAMS 0x0000000530000000, 0x0000000530000000| Untracked 
|  94|0x0000000530800000, 0x0000000530800000, 0x0000000531000000|  0%| F|  |TAMS 0x0000000530800000, 0x0000000530800000| Untracked 
|  95|0x0000000531000000, 0x0000000531000000, 0x0000000531800000|  0%| F|  |TAMS 0x0000000531000000, 0x0000000531000000| Untracked 
|  96|0x0000000531800000, 0x0000000531800000, 0x0000000532000000|  0%| F|  |TAMS 0x0000000531800000, 0x0000000531800000| Untracked 
|  97|0x0000000532000000, 0x0000000532000000, 0x0000000532800000|  0%| F|  |TAMS 0x0000000532000000, 0x0000000532000000| Untracked 
|  98|0x0000000532800000, 0x0000000532800000, 0x0000000533000000|  0%| F|  |TAMS 0x0000000532800000, 0x0000000532800000| Untracked 
|  99|0x0000000533000000, 0x0000000533000000, 0x0000000533800000|  0%| F|  |TAMS 0x0000000533000000, 0x0000000533000000| Untracked 
| 100|0x0000000533800000, 0x0000000533800000, 0x0000000534000000|  0%| F|  |TAMS 0x0000000533800000, 0x0000000533800000| Untracked 
| 101|0x0000000534000000, 0x0000000534000000, 0x0000000534800000|  0%| F|  |TAMS 0x0000000534000000, 0x0000000534000000| Untracked 
| 102|0x0000000534800000, 0x0000000534800000, 0x0000000535000000|  0%| F|  |TAMS 0x0000000534800000, 0x0000000534800000| Untracked 
| 103|0x0000000535000000, 0x0000000535000000, 0x0000000535800000|  0%| F|  |TAMS 0x0000000535000000, 0x0000000535000000| Untracked 
| 104|0x0000000535800000, 0x0000000535800000, 0x0000000536000000|  0%| F|  |TAMS 0x0000000535800000, 0x0000000535800000| Untracked 
| 105|0x0000000536000000, 0x0000000536000000, 0x0000000536800000|  0%| F|  |TAMS 0x0000000536000000, 0x0000000536000000| Untracked 
| 106|0x0000000536800000, 0x0000000536800000, 0x0000000537000000|  0%| F|  |TAMS 0x0000000536800000, 0x0000000536800000| Untracked 
| 107|0x0000000537000000, 0x0000000537000000, 0x0000000537800000|  0%| F|  |TAMS 0x0000000537000000, 0x0000000537000000| Untracked 
| 108|0x0000000537800000, 0x0000000537800000, 0x0000000538000000|  0%| F|  |TAMS 0x0000000537800000, 0x0000000537800000| Untracked 
| 109|0x0000000538000000, 0x0000000538000000, 0x0000000538800000|  0%| F|  |TAMS 0x0000000538000000, 0x0000000538000000| Untracked 
| 110|0x0000000538800000, 0x0000000538800000, 0x0000000539000000|  0%| F|  |TAMS 0x0000000538800000, 0x0000000538800000| Untracked 
| 111|0x0000000539000000, 0x0000000539000000, 0x0000000539800000|  0%| F|  |TAMS 0x0000000539000000, 0x0000000539000000| Untracked 
| 112|0x0000000539800000, 0x0000000539800000, 0x000000053a000000|  0%| F|  |TAMS 0x0000000539800000, 0x0000000539800000| Untracked 
| 113|0x000000053a000000, 0x000000053a000000, 0x000000053a800000|  0%| F|  |TAMS 0x000000053a000000, 0x000000053a000000| Untracked 
| 114|0x000000053a800000, 0x000000053a800000, 0x000000053b000000|  0%| F|  |TAMS 0x000000053a800000, 0x000000053a800000| Untracked 
| 115|0x000000053b000000, 0x000000053b000000, 0x000000053b800000|  0%| F|  |TAMS 0x000000053b000000, 0x000000053b000000| Untracked 
| 116|0x000000053b800000, 0x000000053b800000, 0x000000053c000000|  0%| F|  |TAMS 0x000000053b800000, 0x000000053b800000| Untracked 
| 117|0x000000053c000000, 0x000000053c000000, 0x000000053c800000|  0%| F|  |TAMS 0x000000053c000000, 0x000000053c000000| Untracked 
| 118|0x000000053c800000, 0x000000053c800000, 0x000000053d000000|  0%| F|  |TAMS 0x000000053c800000, 0x000000053c800000| Untracked 
| 119|0x000000053d000000, 0x000000053d000000, 0x000000053d800000|  0%| F|  |TAMS 0x000000053d000000, 0x000000053d000000| Untracked 
| 120|0x000000053d800000, 0x000000053d800000, 0x000000053e000000|  0%| F|  |TAMS 0x000000053d800000, 0x000000053d800000| Untracked 
| 121|0x000000053e000000, 0x000000053e000000, 0x000000053e800000|  0%| F|  |TAMS 0x000000053e000000, 0x000000053e000000| Untracked 
| 122|0x000000053e800000, 0x000000053e800000, 0x000000053f000000|  0%| F|  |TAMS 0x000000053e800000, 0x000000053e800000| Untracked 
| 123|0x000000053f000000, 0x000000053f000000, 0x000000053f800000|  0%| F|  |TAMS 0x000000053f000000, 0x000000053f000000| Untracked 
| 124|0x000000053f800000, 0x000000053f800000, 0x0000000540000000|  0%| F|  |TAMS 0x000000053f800000, 0x000000053f800000| Untracked 
| 125|0x0000000540000000, 0x0000000540000000, 0x0000000540800000|  0%| F|  |TAMS 0x0000000540000000, 0x0000000540000000| Untracked 
| 126|0x0000000540800000, 0x0000000540800000, 0x0000000541000000|  0%| F|  |TAMS 0x0000000540800000, 0x0000000540800000| Untracked 
| 127|0x0000000541000000, 0x0000000541000000, 0x0000000541800000|  0%| F|  |TAMS 0x0000000541000000, 0x0000000541000000| Untracked 
| 128|0x0000000541800000, 0x0000000541800000, 0x0000000542000000|  0%| F|  |TAMS 0x0000000541800000, 0x0000000541800000| Untracked 
| 129|0x0000000542000000, 0x0000000542000000, 0x0000000542800000|  0%| F|  |TAMS 0x0000000542000000, 0x0000000542000000| Untracked 
| 130|0x0000000542800000, 0x0000000542800000, 0x0000000543000000|  0%| F|  |TAMS 0x0000000542800000, 0x0000000542800000| Untracked 
| 131|0x0000000543000000, 0x0000000543000000, 0x0000000543800000|  0%| F|  |TAMS 0x0000000543000000, 0x0000000543000000| Untracked 
| 132|0x0000000543800000, 0x0000000543800000, 0x0000000544000000|  0%| F|  |TAMS 0x0000000543800000, 0x0000000543800000| Untracked 
| 133|0x0000000544000000, 0x0000000544000000, 0x0000000544800000|  0%| F|  |TAMS 0x0000000544000000, 0x0000000544000000| Untracked 
| 134|0x0000000544800000, 0x0000000544800000, 0x0000000545000000|  0%| F|  |TAMS 0x0000000544800000, 0x0000000544800000| Untracked 
| 135|0x0000000545000000, 0x0000000545000000, 0x0000000545800000|  0%| F|  |TAMS 0x0000000545000000, 0x0000000545000000| Untracked 
| 136|0x0000000545800000, 0x0000000545800000, 0x0000000546000000|  0%| F|  |TAMS 0x0000000545800000, 0x0000000545800000| Untracked 
| 137|0x0000000546000000, 0x0000000546000000, 0x0000000546800000|  0%| F|  |TAMS 0x0000000546000000, 0x0000000546000000| Untracked 
| 138|0x0000000546800000, 0x0000000546800000, 0x0000000547000000|  0%| F|  |TAMS 0x0000000546800000, 0x0000000546800000| Untracked 
| 139|0x0000000547000000, 0x0000000547000000, 0x0000000547800000|  0%| F|  |TAMS 0x0000000547000000, 0x0000000547000000| Untracked 
| 140|0x0000000547800000, 0x0000000547800000, 0x0000000548000000|  0%| F|  |TAMS 0x0000000547800000, 0x0000000547800000| Untracked 
| 141|0x0000000548000000, 0x0000000548000000, 0x0000000548800000|  0%| F|  |TAMS 0x0000000548000000, 0x0000000548000000| Untracked 
| 142|0x0000000548800000, 0x0000000548800000, 0x0000000549000000|  0%| F|  |TAMS 0x0000000548800000, 0x0000000548800000| Untracked 
| 143|0x0000000549000000, 0x0000000549000000, 0x0000000549800000|  0%| F|  |TAMS 0x0000000549000000, 0x0000000549000000| Untracked 
| 144|0x0000000549800000, 0x0000000549800000, 0x000000054a000000|  0%| F|  |TAMS 0x0000000549800000, 0x0000000549800000| Untracked 
| 145|0x000000054a000000, 0x000000054a000000, 0x000000054a800000|  0%| F|  |TAMS 0x000000054a000000, 0x000000054a000000| Untracked 
| 146|0x000000054a800000, 0x000000054a800000, 0x000000054b000000|  0%| F|  |TAMS 0x000000054a800000, 0x000000054a800000| Untracked 
| 147|0x000000054b000000, 0x000000054b000000, 0x000000054b800000|  0%| F|  |TAMS 0x000000054b000000, 0x000000054b000000| Untracked 
| 148|0x000000054b800000, 0x000000054b800000, 0x000000054c000000|  0%| F|  |TAMS 0x000000054b800000, 0x000000054b800000| Untracked 
| 149|0x000000054c000000, 0x000000054c000000, 0x000000054c800000|  0%| F|  |TAMS 0x000000054c000000, 0x000000054c000000| Untracked 
| 150|0x000000054c800000, 0x000000054c800000, 0x000000054d000000|  0%| F|  |TAMS 0x000000054c800000, 0x000000054c800000| Untracked 
| 151|0x000000054d000000, 0x000000054d000000, 0x000000054d800000|  0%| F|  |TAMS 0x000000054d000000, 0x000000054d000000| Untracked 
| 152|0x000000054d800000, 0x000000054d800000, 0x000000054e000000|  0%| F|  |TAMS 0x000000054d800000, 0x000000054d800000| Untracked 
| 153|0x000000054e000000, 0x000000054e000000, 0x000000054e800000|  0%| F|  |TAMS 0x000000054e000000, 0x000000054e000000| Untracked 
| 154|0x000000054e800000, 0x000000054e800000, 0x000000054f000000|  0%| F|  |TAMS 0x000000054e800000, 0x000000054e800000| Untracked 
| 155|0x000000054f000000, 0x000000054f000000, 0x000000054f800000|  0%| F|  |TAMS 0x000000054f000000, 0x000000054f000000| Untracked 
| 156|0x000000054f800000, 0x000000054f800000, 0x0000000550000000|  0%| F|  |TAMS 0x000000054f800000, 0x000000054f800000| Untracked 
| 157|0x0000000550000000, 0x0000000550000000, 0x0000000550800000|  0%| F|  |TAMS 0x0000000550000000, 0x0000000550000000| Untracked 
| 158|0x0000000550800000, 0x0000000550800000, 0x0000000551000000|  0%| F|  |TAMS 0x0000000550800000, 0x0000000550800000| Untracked 
| 159|0x0000000551000000, 0x0000000551000000, 0x0000000551800000|  0%| F|  |TAMS 0x0000000551000000, 0x0000000551000000| Untracked 
| 160|0x0000000551800000, 0x0000000551800000, 0x0000000552000000|  0%| F|  |TAMS 0x0000000551800000, 0x0000000551800000| Untracked 
| 161|0x0000000552000000, 0x0000000552000000, 0x0000000552800000|  0%| F|  |TAMS 0x0000000552000000, 0x0000000552000000| Untracked 
| 162|0x0000000552800000, 0x0000000552800000, 0x0000000553000000|  0%| F|  |TAMS 0x0000000552800000, 0x0000000552800000| Untracked 
| 163|0x0000000553000000, 0x0000000553000000, 0x0000000553800000|  0%| F|  |TAMS 0x0000000553000000, 0x0000000553000000| Untracked 
| 164|0x0000000553800000, 0x0000000553800000, 0x0000000554000000|  0%| F|  |TAMS 0x0000000553800000, 0x0000000553800000| Untracked 
| 165|0x0000000554000000, 0x0000000554000000, 0x0000000554800000|  0%| F|  |TAMS 0x0000000554000000, 0x0000000554000000| Untracked 
| 166|0x0000000554800000, 0x0000000554800000, 0x0000000555000000|  0%| F|  |TAMS 0x0000000554800000, 0x0000000554800000| Untracked 
| 167|0x0000000555000000, 0x0000000555000000, 0x0000000555800000|  0%| F|  |TAMS 0x0000000555000000, 0x0000000555000000| Untracked 
| 168|0x0000000555800000, 0x0000000555800000, 0x0000000556000000|  0%| F|  |TAMS 0x0000000555800000, 0x0000000555800000| Untracked 
| 169|0x0000000556000000, 0x0000000556000000, 0x0000000556800000|  0%| F|  |TAMS 0x0000000556000000, 0x0000000556000000| Untracked 
| 170|0x0000000556800000, 0x0000000556800000, 0x0000000557000000|  0%| F|  |TAMS 0x0000000556800000, 0x0000000556800000| Untracked 
| 171|0x0000000557000000, 0x0000000557000000, 0x0000000557800000|  0%| F|  |TAMS 0x0000000557000000, 0x0000000557000000| Untracked 
| 172|0x0000000557800000, 0x0000000557800000, 0x0000000558000000|  0%| F|  |TAMS 0x0000000557800000, 0x0000000557800000| Untracked 
| 173|0x0000000558000000, 0x0000000558000000, 0x0000000558800000|  0%| F|  |TAMS 0x0000000558000000, 0x0000000558000000| Untracked 
| 174|0x0000000558800000, 0x0000000558800000, 0x0000000559000000|  0%| F|  |TAMS 0x0000000558800000, 0x0000000558800000| Untracked 
| 175|0x0000000559000000, 0x0000000559000000, 0x0000000559800000|  0%| F|  |TAMS 0x0000000559000000, 0x0000000559000000| Untracked 
| 176|0x0000000559800000, 0x0000000559800000, 0x000000055a000000|  0%| F|  |TAMS 0x0000000559800000, 0x0000000559800000| Untracked 
| 177|0x000000055a000000, 0x000000055a000000, 0x000000055a800000|  0%| F|  |TAMS 0x000000055a000000, 0x000000055a000000| Untracked 
| 178|0x000000055a800000, 0x000000055a800000, 0x000000055b000000|  0%| F|  |TAMS 0x000000055a800000, 0x000000055a800000| Untracked 
| 179|0x000000055b000000, 0x000000055b000000, 0x000000055b800000|  0%| F|  |TAMS 0x000000055b000000, 0x000000055b000000| Untracked 
| 180|0x000000055b800000, 0x000000055b800000, 0x000000055c000000|  0%| F|  |TAMS 0x000000055b800000, 0x000000055b800000| Untracked 
| 181|0x000000055c000000, 0x000000055c000000, 0x000000055c800000|  0%| F|  |TAMS 0x000000055c000000, 0x000000055c000000| Untracked 
| 182|0x000000055c800000, 0x000000055c800000, 0x000000055d000000|  0%| F|  |TAMS 0x000000055c800000, 0x000000055c800000| Untracked 
| 183|0x000000055d000000, 0x000000055d000000, 0x000000055d800000|  0%| F|  |TAMS 0x000000055d000000, 0x000000055d000000| Untracked 
| 184|0x000000055d800000, 0x000000055d800000, 0x000000055e000000|  0%| F|  |TAMS 0x000000055d800000, 0x000000055d800000| Untracked 
| 185|0x000000055e000000, 0x000000055e000000, 0x000000055e800000|  0%| F|  |TAMS 0x000000055e000000, 0x000000055e000000| Untracked 
| 186|0x000000055e800000, 0x000000055e800000, 0x000000055f000000|  0%| F|  |TAMS 0x000000055e800000, 0x000000055e800000| Untracked 
| 187|0x000000055f000000, 0x000000055f000000, 0x000000055f800000|  0%| F|  |TAMS 0x000000055f000000, 0x000000055f000000| Untracked 
| 188|0x000000055f800000, 0x000000055f800000, 0x0000000560000000|  0%| F|  |TAMS 0x000000055f800000, 0x000000055f800000| Untracked 
| 189|0x0000000560000000, 0x0000000560000000, 0x0000000560800000|  0%| F|  |TAMS 0x0000000560000000, 0x0000000560000000| Untracked 
| 190|0x0000000560800000, 0x0000000560800000, 0x0000000561000000|  0%| F|  |TAMS 0x0000000560800000, 0x0000000560800000| Untracked 
| 191|0x0000000561000000, 0x0000000561000000, 0x0000000561800000|  0%| F|  |TAMS 0x0000000561000000, 0x0000000561000000| Untracked 
| 192|0x0000000561800000, 0x0000000561800000, 0x0000000562000000|  0%| F|  |TAMS 0x0000000561800000, 0x0000000561800000| Untracked 
| 193|0x0000000562000000, 0x0000000562000000, 0x0000000562800000|  0%| F|  |TAMS 0x0000000562000000, 0x0000000562000000| Untracked 
| 194|0x0000000562800000, 0x0000000562800000, 0x0000000563000000|  0%| F|  |TAMS 0x0000000562800000, 0x0000000562800000| Untracked 
| 195|0x0000000563000000, 0x0000000563000000, 0x0000000563800000|  0%| F|  |TAMS 0x0000000563000000, 0x0000000563000000| Untracked 
| 196|0x0000000563800000, 0x0000000563800000, 0x0000000564000000|  0%| F|  |TAMS 0x0000000563800000, 0x0000000563800000| Untracked 
| 197|0x0000000564000000, 0x0000000564000000, 0x0000000564800000|  0%| F|  |TAMS 0x0000000564000000, 0x0000000564000000| Untracked 
| 198|0x0000000564800000, 0x0000000564800000, 0x0000000565000000|  0%| F|  |TAMS 0x0000000564800000, 0x0000000564800000| Untracked 
| 199|0x0000000565000000, 0x0000000565000000, 0x0000000565800000|  0%| F|  |TAMS 0x0000000565000000, 0x0000000565000000| Untracked 
| 200|0x0000000565800000, 0x0000000565800000, 0x0000000566000000|  0%| F|  |TAMS 0x0000000565800000, 0x0000000565800000| Untracked 
| 201|0x0000000566000000, 0x0000000566000000, 0x0000000566800000|  0%| F|  |TAMS 0x0000000566000000, 0x0000000566000000| Untracked 
| 202|0x0000000566800000, 0x0000000566800000, 0x0000000567000000|  0%| F|  |TAMS 0x0000000566800000, 0x0000000566800000| Untracked 
| 203|0x0000000567000000, 0x0000000567000000, 0x0000000567800000|  0%| F|  |TAMS 0x0000000567000000, 0x0000000567000000| Untracked 
| 204|0x0000000567800000, 0x0000000567800000, 0x0000000568000000|  0%| F|  |TAMS 0x0000000567800000, 0x0000000567800000| Untracked 
| 205|0x0000000568000000, 0x0000000568000000, 0x0000000568800000|  0%| F|  |TAMS 0x0000000568000000, 0x0000000568000000| Untracked 
| 206|0x0000000568800000, 0x0000000568800000, 0x0000000569000000|  0%| F|  |TAMS 0x0000000568800000, 0x0000000568800000| Untracked 
| 207|0x0000000569000000, 0x0000000569000000, 0x0000000569800000|  0%| F|  |TAMS 0x0000000569000000, 0x0000000569000000| Untracked 
| 208|0x0000000569800000, 0x0000000569800000, 0x000000056a000000|  0%| F|  |TAMS 0x0000000569800000, 0x0000000569800000| Untracked 
| 209|0x000000056a000000, 0x000000056a000000, 0x000000056a800000|  0%| F|  |TAMS 0x000000056a000000, 0x000000056a000000| Untracked 
| 210|0x000000056a800000, 0x000000056a800000, 0x000000056b000000|  0%| F|  |TAMS 0x000000056a800000, 0x000000056a800000| Untracked 
| 211|0x000000056b000000, 0x000000056b000000, 0x000000056b800000|  0%| F|  |TAMS 0x000000056b000000, 0x000000056b000000| Untracked 
| 212|0x000000056b800000, 0x000000056b800000, 0x000000056c000000|  0%| F|  |TAMS 0x000000056b800000, 0x000000056b800000| Untracked 
| 213|0x000000056c000000, 0x000000056c000000, 0x000000056c800000|  0%| F|  |TAMS 0x000000056c000000, 0x000000056c000000| Untracked 
| 214|0x000000056c800000, 0x000000056c800000, 0x000000056d000000|  0%| F|  |TAMS 0x000000056c800000, 0x000000056c800000| Untracked 
| 215|0x000000056d000000, 0x000000056d000000, 0x000000056d800000|  0%| F|  |TAMS 0x000000056d000000, 0x000000056d000000| Untracked 
| 216|0x000000056d800000, 0x000000056d800000, 0x000000056e000000|  0%| F|  |TAMS 0x000000056d800000, 0x000000056d800000| Untracked 
| 217|0x000000056e000000, 0x000000056e000000, 0x000000056e800000|  0%| F|  |TAMS 0x000000056e000000, 0x000000056e000000| Untracked 
| 218|0x000000056e800000, 0x000000056e800000, 0x000000056f000000|  0%| F|  |TAMS 0x000000056e800000, 0x000000056e800000| Untracked 
| 219|0x000000056f000000, 0x000000056f000000, 0x000000056f800000|  0%| F|  |TAMS 0x000000056f000000, 0x000000056f000000| Untracked 
| 220|0x000000056f800000, 0x000000056f800000, 0x0000000570000000|  0%| F|  |TAMS 0x000000056f800000, 0x000000056f800000| Untracked 
| 221|0x0000000570000000, 0x0000000570000000, 0x0000000570800000|  0%| F|  |TAMS 0x0000000570000000, 0x0000000570000000| Untracked 
| 222|0x0000000570800000, 0x0000000570800000, 0x0000000571000000|  0%| F|  |TAMS 0x0000000570800000, 0x0000000570800000| Untracked 
| 223|0x0000000571000000, 0x0000000571000000, 0x0000000571800000|  0%| F|  |TAMS 0x0000000571000000, 0x0000000571000000| Untracked 
| 224|0x0000000571800000, 0x0000000571800000, 0x0000000572000000|  0%| F|  |TAMS 0x0000000571800000, 0x0000000571800000| Untracked 
| 225|0x0000000572000000, 0x0000000572000000, 0x0000000572800000|  0%| F|  |TAMS 0x0000000572000000, 0x0000000572000000| Untracked 
| 226|0x0000000572800000, 0x0000000572800000, 0x0000000573000000|  0%| F|  |TAMS 0x0000000572800000, 0x0000000572800000| Untracked 
| 227|0x0000000573000000, 0x0000000573000000, 0x0000000573800000|  0%| F|  |TAMS 0x0000000573000000, 0x0000000573000000| Untracked 
| 228|0x0000000573800000, 0x0000000573800000, 0x0000000574000000|  0%| F|  |TAMS 0x0000000573800000, 0x0000000573800000| Untracked 
| 229|0x0000000574000000, 0x0000000574000000, 0x0000000574800000|  0%| F|  |TAMS 0x0000000574000000, 0x0000000574000000| Untracked 
| 230|0x0000000574800000, 0x0000000574800000, 0x0000000575000000|  0%| F|  |TAMS 0x0000000574800000, 0x0000000574800000| Untracked 
| 231|0x0000000575000000, 0x0000000575000000, 0x0000000575800000|  0%| F|  |TAMS 0x0000000575000000, 0x0000000575000000| Untracked 
| 232|0x0000000575800000, 0x0000000575800000, 0x0000000576000000|  0%| F|  |TAMS 0x0000000575800000, 0x0000000575800000| Untracked 
| 233|0x0000000576000000, 0x0000000576000000, 0x0000000576800000|  0%| F|  |TAMS 0x0000000576000000, 0x0000000576000000| Untracked 
| 234|0x0000000576800000, 0x0000000576800000, 0x0000000577000000|  0%| F|  |TAMS 0x0000000576800000, 0x0000000576800000| Untracked 
| 235|0x0000000577000000, 0x0000000577000000, 0x0000000577800000|  0%| F|  |TAMS 0x0000000577000000, 0x0000000577000000| Untracked 
| 236|0x0000000577800000, 0x0000000577800000, 0x0000000578000000|  0%| F|  |TAMS 0x0000000577800000, 0x0000000577800000| Untracked 
| 237|0x0000000578000000, 0x0000000578000000, 0x0000000578800000|  0%| F|  |TAMS 0x0000000578000000, 0x0000000578000000| Untracked 
| 238|0x0000000578800000, 0x0000000578800000, 0x0000000579000000|  0%| F|  |TAMS 0x0000000578800000, 0x0000000578800000| Untracked 
| 239|0x0000000579000000, 0x0000000579000000, 0x0000000579800000|  0%| F|  |TAMS 0x0000000579000000, 0x0000000579000000| Untracked 
| 240|0x0000000579800000, 0x0000000579800000, 0x000000057a000000|  0%| F|  |TAMS 0x0000000579800000, 0x0000000579800000| Untracked 
| 241|0x000000057a000000, 0x000000057a000000, 0x000000057a800000|  0%| F|  |TAMS 0x000000057a000000, 0x000000057a000000| Untracked 
| 242|0x000000057a800000, 0x000000057a800000, 0x000000057b000000|  0%| F|  |TAMS 0x000000057a800000, 0x000000057a800000| Untracked 
| 243|0x000000057b000000, 0x000000057b000000, 0x000000057b800000|  0%| F|  |TAMS 0x000000057b000000, 0x000000057b000000| Untracked 
| 244|0x000000057b800000, 0x000000057b800000, 0x000000057c000000|  0%| F|  |TAMS 0x000000057b800000, 0x000000057b800000| Untracked 
| 245|0x000000057c000000, 0x000000057c000000, 0x000000057c800000|  0%| F|  |TAMS 0x000000057c000000, 0x000000057c000000| Untracked 
| 246|0x000000057c800000, 0x000000057c800000, 0x000000057d000000|  0%| F|  |TAMS 0x000000057c800000, 0x000000057c800000| Untracked 
| 247|0x000000057d000000, 0x000000057d000000, 0x000000057d800000|  0%| F|  |TAMS 0x000000057d000000, 0x000000057d000000| Untracked 
| 248|0x000000057d800000, 0x000000057d800000, 0x000000057e000000|  0%| F|  |TAMS 0x000000057d800000, 0x000000057d800000| Untracked 
| 249|0x000000057e000000, 0x000000057e000000, 0x000000057e800000|  0%| F|  |TAMS 0x000000057e000000, 0x000000057e000000| Untracked 
| 250|0x000000057e800000, 0x000000057e800000, 0x000000057f000000|  0%| F|  |TAMS 0x000000057e800000, 0x000000057e800000| Untracked 
| 251|0x000000057f000000, 0x000000057f000000, 0x000000057f800000|  0%| F|  |TAMS 0x000000057f000000, 0x000000057f000000| Untracked 
| 252|0x000000057f800000, 0x000000057f800000, 0x0000000580000000|  0%| F|  |TAMS 0x000000057f800000, 0x000000057f800000| Untracked 
| 253|0x0000000580000000, 0x0000000580000000, 0x0000000580800000|  0%| F|  |TAMS 0x0000000580000000, 0x0000000580000000| Untracked 
| 254|0x0000000580800000, 0x0000000580800000, 0x0000000581000000|  0%| F|  |TAMS 0x0000000580800000, 0x0000000580800000| Untracked 
| 255|0x0000000581000000, 0x0000000581000000, 0x0000000581800000|  0%| F|  |TAMS 0x0000000581000000, 0x0000000581000000| Untracked 
| 256|0x0000000581800000, 0x0000000581800000, 0x0000000582000000|  0%| F|  |TAMS 0x0000000581800000, 0x0000000581800000| Untracked 
| 257|0x0000000582000000, 0x0000000582000000, 0x0000000582800000|  0%| F|  |TAMS 0x0000000582000000, 0x0000000582000000| Untracked 
| 258|0x0000000582800000, 0x0000000582800000, 0x0000000583000000|  0%| F|  |TAMS 0x0000000582800000, 0x0000000582800000| Untracked 
| 259|0x0000000583000000, 0x0000000583000000, 0x0000000583800000|  0%| F|  |TAMS 0x0000000583000000, 0x0000000583000000| Untracked 
| 260|0x0000000583800000, 0x0000000583800000, 0x0000000584000000|  0%| F|  |TAMS 0x0000000583800000, 0x0000000583800000| Untracked 
| 261|0x0000000584000000, 0x0000000584000000, 0x0000000584800000|  0%| F|  |TAMS 0x0000000584000000, 0x0000000584000000| Untracked 
| 262|0x0000000584800000, 0x0000000584800000, 0x0000000585000000|  0%| F|  |TAMS 0x0000000584800000, 0x0000000584800000| Untracked 
| 263|0x0000000585000000, 0x0000000585000000, 0x0000000585800000|  0%| F|  |TAMS 0x0000000585000000, 0x0000000585000000| Untracked 
| 264|0x0000000585800000, 0x0000000585800000, 0x0000000586000000|  0%| F|  |TAMS 0x0000000585800000, 0x0000000585800000| Untracked 
| 265|0x0000000586000000, 0x0000000586000000, 0x0000000586800000|  0%| F|  |TAMS 0x0000000586000000, 0x0000000586000000| Untracked 
| 266|0x0000000586800000, 0x0000000586800000, 0x0000000587000000|  0%| F|  |TAMS 0x0000000586800000, 0x0000000586800000| Untracked 
| 267|0x0000000587000000, 0x0000000587000000, 0x0000000587800000|  0%| F|  |TAMS 0x0000000587000000, 0x0000000587000000| Untracked 
| 268|0x0000000587800000, 0x0000000587800000, 0x0000000588000000|  0%| F|  |TAMS 0x0000000587800000, 0x0000000587800000| Untracked 
| 269|0x0000000588000000, 0x0000000588000000, 0x0000000588800000|  0%| F|  |TAMS 0x0000000588000000, 0x0000000588000000| Untracked 
| 270|0x0000000588800000, 0x0000000588800000, 0x0000000589000000|  0%| F|  |TAMS 0x0000000588800000, 0x0000000588800000| Untracked 
| 271|0x0000000589000000, 0x0000000589000000, 0x0000000589800000|  0%| F|  |TAMS 0x0000000589000000, 0x0000000589000000| Untracked 
| 272|0x0000000589800000, 0x000000058a000000, 0x000000058a000000|100%| S|  |TAMS 0x0000000589800000, 0x0000000589800000| Complete 
| 273|0x000000058a000000, 0x000000058a800000, 0x000000058a800000|100%| E|CS|TAMS 0x000000058a000000, 0x000000058a000000| Complete 
| 274|0x000000058a800000, 0x000000058b000000, 0x000000058b000000|100%| E|CS|TAMS 0x000000058a800000, 0x000000058a800000| Complete 
| 275|0x000000058b000000, 0x000000058b800000, 0x000000058b800000|100%| S|  |TAMS 0x000000058b000000, 0x000000058b000000| Complete 
| 276|0x000000058b800000, 0x000000058c000000, 0x000000058c000000|100%| E|CS|TAMS 0x000000058b800000, 0x000000058b800000| Complete 
| 277|0x000000058c000000, 0x000000058c800000, 0x000000058c800000|100%| E|CS|TAMS 0x000000058c000000, 0x000000058c000000| Complete 
| 278|0x000000058c800000, 0x000000058d000000, 0x000000058d000000|100%| E|CS|TAMS 0x000000058c800000, 0x000000058c800000| Complete 
| 279|0x000000058d000000, 0x000000058d800000, 0x000000058d800000|100%| E|CS|TAMS 0x000000058d000000, 0x000000058d000000| Complete 
| 280|0x000000058d800000, 0x000000058e000000, 0x000000058e000000|100%| E|CS|TAMS 0x000000058d800000, 0x000000058d800000| Complete 
| 281|0x000000058e000000, 0x000000058e800000, 0x000000058e800000|100%| E|CS|TAMS 0x000000058e000000, 0x000000058e000000| Complete 
| 282|0x000000058e800000, 0x000000058f000000, 0x000000058f000000|100%| E|CS|TAMS 0x000000058e800000, 0x000000058e800000| Complete 
| 283|0x000000058f000000, 0x000000058f800000, 0x000000058f800000|100%| E|CS|TAMS 0x000000058f000000, 0x000000058f000000| Complete 
| 284|0x000000058f800000, 0x0000000590000000, 0x0000000590000000|100%| E|CS|TAMS 0x000000058f800000, 0x000000058f800000| Complete 
| 285|0x0000000590000000, 0x0000000590800000, 0x0000000590800000|100%| E|CS|TAMS 0x0000000590000000, 0x0000000590000000| Complete 
| 286|0x0000000590800000, 0x0000000591000000, 0x0000000591000000|100%| E|CS|TAMS 0x0000000590800000, 0x0000000590800000| Complete 
| 287|0x0000000591000000, 0x0000000591800000, 0x0000000591800000|100%| E|CS|TAMS 0x0000000591000000, 0x0000000591000000| Complete 

Card table byte_map: [0x00000150f8e50000,0x00000150fa650000] _byte_map_base: 0x00000150f6644000

Marking Bits (Prev, Next): (CMBitMap*) 0x00000150ed7cfc70, (CMBitMap*) 0x00000150ed7cfcb0
 Prev Bits: [0x000001508f000000, 0x000001509afa0000)
 Next Bits: [0x000001509afa0000, 0x00000150a6f40000)

Polling page: 0x00000150ed820000

Metaspace:

Usage:
  Non-class:    275.54 KB used.
      Class:     17.02 KB used.
       Both:    292.55 KB used.

Virtual space:
  Non-class space:        8.00 MB reserved,     384.00 KB (  5%) committed,  1 nodes.
      Class space:        1.00 GB reserved,     128.00 KB ( <1%) committed,  1 nodes.
              Both:        1.01 GB reserved,     512.00 KB ( <1%) committed. 

Chunk freelists:
   Non-Class:  3.99 MB
       Class:  3.75 MB
        Both:  7.73 MB

MaxMetaspaceSize: 17179869184.00 GB
CompressedClassSpaceSize: 1.00 GB
 - commit_granule_bytes: 65536.
 - commit_granule_words: 8192.
 - virtual_space_node_default_size: 1048576.
 - enlarge_chunks_in_place: 1.
 - new_chunks_are_fully_committed: 0.
 - uncommit_free_chunks: 1.
 - use_allocation_guard: 0.
 - handle_deallocations: 1.


Internal statistics:

num_allocs_failed_limit: 0.
num_arena_births: 4.
num_arena_deaths: 0.
num_vsnodes_births: 2.
num_vsnodes_deaths: 0.
num_space_committed: 8.
num_space_uncommitted: 0.
num_chunks_returned_to_freelist: 0.
num_chunks_taken_from_freelist: 7.
num_chunk_merges: 0.
num_chunk_splits: 3.
num_chunks_enlarged: 1.
num_purges: 0.

CodeHeap 'non-profiled nmethods': size=119168Kb used=44Kb max_used=44Kb free=119123Kb
 bounds [0x0000015087ba0000, 0x0000015087e10000, 0x000001508f000000]
CodeHeap 'profiled nmethods': size=119104Kb used=137Kb max_used=137Kb free=118966Kb
 bounds [0x0000015080750000, 0x00000150809c0000, 0x0000015087ba0000]
CodeHeap 'non-nmethods': size=7488Kb used=1694Kb max_used=1714Kb free=5793Kb
 bounds [0x0000015080000000, 0x0000015080270000, 0x0000015080750000]
 total_blobs=413 nmethods=97 adapters=228
 compilation: enabled
              stopped_count=0, restarted_count=0
 full_count=0

Compilation events (20 events):
Event: 0.732 Thread 0x00000150fef80340   88       4       com.youhogeon.acmicpc.Q13460$State::<init> (26 bytes)
Event: 0.734 Thread 0x00000150fef80340 nmethod 88 0x0000015087ba4690 code [0x0000015087ba4800, 0x0000015087ba4b18]
Event: 0.734 Thread 0x00000150fef80340   90       4       java.util.LinkedList::linkLast (59 bytes)
Event: 0.736 Thread 0x00000150fef80340 nmethod 90 0x0000015087ba4b90 code [0x0000015087ba4d20, 0x0000015087ba4ff8]
Event: 0.736 Thread 0x00000150fef80340   89       4       java.util.LinkedList::offer (6 bytes)
Event: 0.736 Thread 0x00000150ff092640   91 %     3       com.youhogeon.acmicpc.Q13460::solve @ 35 (769 bytes)
Event: 0.737 Thread 0x00000150ff092640 nmethod 91% 0x000001508076bf10 code [0x000001508076c2c0, 0x000001508076e4d8]
Event: 0.737 Thread 0x00000150ff092640   92 %     3       com.youhogeon.acmicpc.Q13460::solve @ 311 (769 bytes)
Event: 0.737 Thread 0x00000150fef80340 nmethod 89 0x0000015087ba5110 code [0x0000015087ba52a0, 0x0000015087ba5598]
Event: 0.738 Thread 0x00000150fef80340   93       4       java.util.LinkedList::poll (19 bytes)
Event: 0.738 Thread 0x00000150ff092640 nmethod 92% 0x000001508076f090 code [0x000001508076f440, 0x00000150807717d8]
Event: 0.739 Thread 0x00000150fef80340 nmethod 93 0x0000015087ba5710 code [0x0000015087ba58a0, 0x0000015087ba5b58]
Event: 0.739 Thread 0x00000150fef80340   94       4       java.util.LinkedList::unlinkFirst (64 bytes)
Event: 0.740 Thread 0x00000150fef80340 nmethod 94 0x0000015087ba5c10 code [0x0000015087ba5da0, 0x0000015087ba6078]
Event: 0.740 Thread 0x00000150fef80340   95       4       java.util.AbstractCollection::isEmpty (13 bytes)
Event: 0.741 Thread 0x00000150fef80340 nmethod 95 0x0000015087ba6190 code [0x0000015087ba6320, 0x0000015087ba63d8]
Event: 0.741 Thread 0x00000150fef80340   96 %     4       com.youhogeon.acmicpc.Q13460::solve @ 62 (769 bytes)
Event: 0.778 Thread 0x00000150fef80340 nmethod 96% 0x0000015087ba6490 code [0x0000015087ba66c0, 0x0000015087ba81d8]
Event: 0.778 Thread 0x00000150fef80340   97       4       com.youhogeon.acmicpc.Q13460::solve (769 bytes)
Event: 0.860 Thread 0x00000150fef80340 nmethod 97 0x0000015087ba8c90 code [0x0000015087ba8ec0, 0x0000015087baa8a8]

GC Heap History (13 events):
Event: 0.753 GC heap before
{Heap before GC invocations=0 (full 0):
 garbage-first heap   total 786432K, used 32768K [0x0000000501800000, 0x0000000800000000)
  region size 8192K, 4 young (32768K), 0 survivors (0K)
 Metaspace       used 292K, committed 512K, reserved 1056768K
  class space    used 17K, committed 128K, reserved 1048576K
}
Event: 0.777 GC heap after
{Heap after GC invocations=1 (full 0):
 garbage-first heap   total 786432K, used 15882K [0x0000000501800000, 0x0000000800000000)
  region size 8192K, 1 young (8192K), 1 survivors (8192K)
 Metaspace       used 292K, committed 512K, reserved 1056768K
  class space    used 17K, committed 128K, reserved 1048576K
}
Event: 0.783 GC heap before
{Heap before GC invocations=1 (full 0):
 garbage-first heap   total 786432K, used 40458K [0x0000000501800000, 0x0000000800000000)
  region size 8192K, 4 young (32768K), 1 survivors (8192K)
 Metaspace       used 292K, committed 512K, reserved 1056768K
  class space    used 17K, committed 128K, reserved 1048576K
}
Event: 0.817 GC heap after
{Heap after GC invocations=2 (full 0):
 garbage-first heap   total 786432K, used 30175K [0x0000000501800000, 0x0000000800000000)
  region size 8192K, 1 young (8192K), 1 survivors (8192K)
 Metaspace       used 292K, committed 512K, reserved 1056768K
  class space    used 17K, committed 128K, reserved 1048576K
}
Event: 0.822 GC heap before
{Heap before GC invocations=2 (full 0):
 garbage-first heap   total 786432K, used 54751K [0x0000000501800000, 0x0000000800000000)
  region size 8192K, 4 young (32768K), 1 survivors (8192K)
 Metaspace       used 292K, committed 512K, reserved 1056768K
  class space    used 17K, committed 128K, reserved 1048576K
}
Event: 0.858 GC heap after
{Heap after GC invocations=3 (full 0):
 garbage-first heap   total 786432K, used 47814K [0x0000000501800000, 0x0000000800000000)
  region size 8192K, 1 young (8192K), 1 survivors (8192K)
 Metaspace       used 292K, committed 512K, reserved 1056768K
  class space    used 17K, committed 128K, reserved 1048576K
}
Event: 0.863 GC heap before
{Heap before GC invocations=3 (full 0):
 garbage-first heap   total 786432K, used 72390K [0x0000000501800000, 0x0000000800000000)
  region size 8192K, 4 young (32768K), 1 survivors (8192K)
 Metaspace       used 292K, committed 512K, reserved 1056768K
  class space    used 17K, committed 128K, reserved 1048576K
}
Event: 0.902 GC heap after
{Heap after GC invocations=4 (full 0):
 garbage-first heap   total 786432K, used 66496K [0x0000000501800000, 0x0000000800000000)
  region size 8192K, 1 young (8192K), 1 survivors (8192K)
 Metaspace       used 292K, committed 512K, reserved 1056768K
  class space    used 17K, committed 128K, reserved 1048576K
}
Event: 0.906 GC heap before
{Heap before GC invocations=4 (full 0):
 garbage-first heap   total 786432K, used 91072K [0x0000000501800000, 0x0000000800000000)
  region size 8192K, 4 young (32768K), 1 survivors (8192K)
 Metaspace       used 292K, committed 512K, reserved 1056768K
  class space    used 17K, committed 128K, reserved 1048576K
}
Event: 0.947 GC heap after
{Heap after GC invocations=5 (full 0):
 garbage-first heap   total 2359296K, used 85219K [0x0000000501800000, 0x0000000800000000)
  region size 8192K, 1 young (8192K), 1 survivors (8192K)
 Metaspace       used 292K, committed 512K, reserved 1056768K
  class space    used 17K, committed 128K, reserved 1048576K
}
Event: 0.988 GC heap before
{Heap before GC invocations=5 (full 0):
 garbage-first heap   total 2359296K, used 191715K [0x0000000501800000, 0x0000000800000000)
  region size 8192K, 14 young (114688K), 1 survivors (8192K)
 Metaspace       used 292K, committed 512K, reserved 1056768K
  class space    used 17K, committed 128K, reserved 1048576K
}
Event: 1.114 GC heap after
{Heap after GC invocations=6 (full 0):
 garbage-first heap   total 2359296K, used 159506K [0x0000000501800000, 0x0000000800000000)
  region size 8192K, 2 young (16384K), 2 survivors (16384K)
 Metaspace       used 292K, committed 512K, reserved 1056768K
  class space    used 17K, committed 128K, reserved 1048576K
}
Event: 1.132 GC heap before
{Heap before GC invocations=6 (full 0):
 garbage-first heap   total 2359296K, used 257810K [0x0000000501800000, 0x0000000800000000)
  region size 8192K, 14 young (114688K), 2 survivors (16384K)
 Metaspace       used 292K, committed 512K, reserved 1056768K
  class space    used 17K, committed 128K, reserved 1048576K
}

Deoptimization events (6 events):
Event: 0.778 Thread 0x00000150ed73c9a0 DEOPT PACKING pc=0x000001508076df36 sp=0x000000475e4ff5c0
Event: 0.778 Thread 0x00000150ed73c9a0 DEOPT UNPACKING pc=0x000001508004dece sp=0x000000475e4feb30 mode 0
Event: 0.779 Thread 0x00000150ed73c9a0 DEOPT PACKING pc=0x0000015080771207 sp=0x000000475e4ff580
Event: 0.779 Thread 0x00000150ed73c9a0 DEOPT UNPACKING pc=0x000001508004dece sp=0x000000475e4feb30 mode 0
Event: 0.779 Thread 0x00000150ed73c9a0 DEOPT PACKING pc=0x0000015080771207 sp=0x000000475e4ff580
Event: 0.779 Thread 0x00000150ed73c9a0 DEOPT UNPACKING pc=0x000001508004dece sp=0x000000475e4feb30 mode 0

Classes unloaded (0 events):
No events

Classes redefined (0 events):
No events

Internal exceptions (0 events):
No events

Events (20 events):
Event: 0.073 loading class java/io/InputStreamReader done
Event: 0.073 loading class java/io/BufferedReader
Event: 0.073 loading class java/io/BufferedReader done
Event: 0.073 loading class sun/nio/cs/StreamDecoder
Event: 0.073 loading class sun/nio/cs/StreamDecoder done
Event: 0.073 loading class sun/nio/cs/UTF_8$Decoder
Event: 0.073 loading class sun/nio/cs/UTF_8$Decoder done
Event: 0.753 Executing  VM operation: G1CollectForAllocation
Event: 0.777 Executing  VM operation: G1CollectForAllocation done
Event: 0.783 Executing  VM operation: G1CollectForAllocation
Event: 0.817 Executing  VM operation: G1CollectForAllocation done
Event: 0.822 Executing  VM operation: G1CollectForAllocation
Event: 0.858 Executing  VM operation: G1CollectForAllocation done
Event: 0.863 Executing  VM operation: G1CollectForAllocation
Event: 0.902 Executing  VM operation: G1CollectForAllocation done
Event: 0.906 Executing  VM operation: G1CollectForAllocation
Event: 0.947 Executing  VM operation: G1CollectForAllocation done
Event: 0.988 Executing  VM operation: G1CollectForAllocation
Event: 1.114 Executing  VM operation: G1CollectForAllocation done
Event: 1.132 Executing  VM operation: G1CollectForAllocation


Dynamic libraries:
0x00007ff6a4360000 - 0x00007ff6a4370000 	C:\Program Files\Java\jdk-16.0.2\bin\java.exe
0x00007fff55770000 - 0x00007fff55965000 	C:\Windows\SYSTEM32\ntdll.dll
0x00007fff54cc0000 - 0x00007fff54d7d000 	C:\Windows\System32\KERNEL32.DLL
0x00007fff52f50000 - 0x00007fff53219000 	C:\Windows\System32\KERNELBASE.dll
0x00007fff535d0000 - 0x00007fff536d0000 	C:\Windows\System32\ucrtbase.dll
0x00007fff3b440000 - 0x00007fff3b458000 	C:\Program Files\Java\jdk-16.0.2\bin\jli.dll
0x00007fff4a8a0000 - 0x00007fff4a8b9000 	C:\Program Files\Java\jdk-16.0.2\bin\VCRUNTIME140.dll
0x00007fff53aa0000 - 0x00007fff53b4c000 	C:\Windows\System32\ADVAPI32.dll
0x00007fff54870000 - 0x00007fff5490e000 	C:\Windows\System32\msvcrt.dll
0x00007fff547d0000 - 0x00007fff5486b000 	C:\Windows\System32\sechost.dll
0x00007fff549d0000 - 0x00007fff54afa000 	C:\Windows\System32\RPCRT4.dll
0x00007fff53b50000 - 0x00007fff53cf0000 	C:\Windows\System32\USER32.dll
0x00007fff53510000 - 0x00007fff53532000 	C:\Windows\System32\win32u.dll
0x00007fff54eb0000 - 0x00007fff54eda000 	C:\Windows\System32\GDI32.dll
0x00007fff53400000 - 0x00007fff5350b000 	C:\Windows\System32\gdi32full.dll
0x00007fff53730000 - 0x00007fff537cd000 	C:\Windows\System32\msvcp_win.dll
0x00007fff391c0000 - 0x00007fff3945a000 	C:\Windows\WinSxS\amd64_microsoft.windows.common-controls_6595b64144ccf1df_6.0.19041.1110_none_60b5254171f9507e\COMCTL32.dll
0x00007fff4c4a0000 - 0x00007fff4c4aa000 	C:\Windows\SYSTEM32\VERSION.dll
0x00007fff53e20000 - 0x00007fff53e50000 	C:\Windows\System32\IMM32.DLL
0x00007fff4cd10000 - 0x00007fff4cd1c000 	C:\Program Files\Java\jdk-16.0.2\bin\vcruntime140_1.dll
0x00007fff30930000 - 0x00007fff309c1000 	C:\Program Files\Java\jdk-16.0.2\bin\msvcp140.dll
0x00007ffed7740000 - 0x00007ffed82eb000 	C:\Program Files\Java\jdk-16.0.2\bin\server\jvm.dll
0x00007fff54cb0000 - 0x00007fff54cb8000 	C:\Windows\System32\PSAPI.DLL
0x00007fff42f80000 - 0x00007fff42fa7000 	C:\Windows\SYSTEM32\WINMM.dll
0x00007fff4a890000 - 0x00007fff4a899000 	C:\Windows\SYSTEM32\WSOCK32.dll
0x00007fff54ee0000 - 0x00007fff54f4b000 	C:\Windows\System32\WS2_32.dll
0x00007fff50d90000 - 0x00007fff50da2000 	C:\Windows\SYSTEM32\kernel.appcore.dll
0x00007fff3b430000 - 0x00007fff3b43a000 	C:\Program Files\Java\jdk-16.0.2\bin\jimage.dll
0x00007fff3bc90000 - 0x00007fff3be74000 	C:\Windows\SYSTEM32\DBGHELP.DLL
0x00007fff3bc20000 - 0x00007fff3bc4c000 	C:\Windows\SYSTEM32\dbgcore.DLL
0x00007fff53540000 - 0x00007fff535c3000 	C:\Windows\System32\bcryptPrimitives.dll
0x00007fff384f0000 - 0x00007fff3852b000 	C:\Program Files\Java\jdk-16.0.2\bin\jdwp.dll
0x00007fff35c10000 - 0x00007fff35c35000 	C:\Program Files\Java\jdk-16.0.2\bin\java.dll
0x00007fff53ed0000 - 0x00007fff5460f000 	C:\Windows\System32\SHELL32.dll
0x00007fff50f90000 - 0x00007fff51720000 	C:\Windows\SYSTEM32\windows.storage.dll
0x00007fff54f50000 - 0x00007fff552a5000 	C:\Windows\System32\combase.dll
0x00007fff52820000 - 0x00007fff5284c000 	C:\Windows\SYSTEM32\Wldp.dll
0x00007fff54e00000 - 0x00007fff54eae000 	C:\Windows\System32\SHCORE.dll
0x00007fff54910000 - 0x00007fff54965000 	C:\Windows\System32\shlwapi.dll
0x00007fff52de0000 - 0x00007fff52dff000 	C:\Windows\SYSTEM32\profapi.dll
0x00007fff4c140000 - 0x00007fff4c14c000 	C:\Program Files\Java\jdk-16.0.2\bin\dt_socket.dll
0x00007fff522c0000 - 0x00007fff522fb000 	C:\Windows\SYSTEM32\IPHLPAPI.DLL
0x00007fff52600000 - 0x00007fff5266a000 	C:\Windows\system32\mswsock.dll
0x00007fff52300000 - 0x00007fff523cc000 	C:\Windows\SYSTEM32\DNSAPI.dll
0x00007fff54ca0000 - 0x00007fff54ca8000 	C:\Windows\System32\NSI.dll
0x00007fff47610000 - 0x00007fff4761a000 	C:\Windows\System32\rasadhlp.dll
0x00007fff46f50000 - 0x00007fff46fcf000 	C:\Windows\System32\fwpuclnt.dll
0x00007fff53220000 - 0x00007fff53247000 	C:\Windows\System32\bcrypt.dll

dbghelp: loaded successfully - version: 4.0.5 - missing functions: none
symbol engine: initialized successfully - sym options: 0x614 - pdb path: .;C:\Program Files\Java\jdk-16.0.2\bin;C:\Windows\SYSTEM32;C:\Windows\WinSxS\amd64_microsoft.windows.common-controls_6595b64144ccf1df_6.0.19041.1110_none_60b5254171f9507e;C:\Program Files\Java\jdk-16.0.2\bin\server

VM Arguments:
jvm_args: -agentlib:jdwp=transport=dt_socket,server=n,suspend=y,address=localhost:63421 --enable-preview -XX:+ShowCodeDetailsInExceptionMessages -Dfile.encoding=UTF-8 
java_command: com.youhogeon.acmicpc.Main
java_class_path (initial): C:\Users\YouHoGeon\AppData\Roaming\Code\User\workspaceStorage\dccd386ce97a86c5821cf4d7928ed441\redhat.java\jdt_ws\acmicpc_ff815fb6\bin
Launcher Type: SUN_STANDARD

[Global flags]
     intx CICompilerCount                          = 12                                        {product} {ergonomic}
     uint ConcGCThreads                            = 3                                         {product} {ergonomic}
     uint G1ConcRefinementThreads                  = 13                                        {product} {ergonomic}
   size_t G1HeapRegionSize                         = 8388608                                   {product} {ergonomic}
    uintx GCDrainStackTargetSize                   = 64                                        {product} {ergonomic}
   size_t InitialHeapSize                          = 805306368                                 {product} {ergonomic}
   size_t MarkStackSize                            = 4194304                                   {product} {ergonomic}
   size_t MaxHeapSize                              = 12859736064                               {product} {ergonomic}
   size_t MaxNewSize                               = 7709130752                                {product} {ergonomic}
   size_t MinHeapDeltaBytes                        = 8388608                                   {product} {ergonomic}
   size_t MinHeapSize                              = 8388608                                   {product} {ergonomic}
    uintx NonNMethodCodeHeapSize                   = 7602480                                {pd product} {ergonomic}
    uintx NonProfiledCodeHeapSize                  = 122027880                              {pd product} {ergonomic}
    uintx ProfiledCodeHeapSize                     = 122027880                              {pd product} {ergonomic}
    uintx ReservedCodeCacheSize                    = 251658240                              {pd product} {ergonomic}
     bool SegmentedCodeCache                       = true                                      {product} {ergonomic}
     bool ShowCodeDetailsInExceptionMessages       = true                                   {manageable} {command line}
   size_t SoftMaxHeapSize                          = 12859736064                            {manageable} {ergonomic}
     bool UseCompressedClassPointers               = true                           {product lp64_product} {ergonomic}
     bool UseCompressedOops                        = true                           {product lp64_product} {ergonomic}
     bool UseG1GC                                  = true                                      {product} {ergonomic}
     bool UseLargePagesIndividualAllocation        = false                                  {pd product} {ergonomic}

Logging:
Log output configuration:
 #0: stdout all=warning uptime,level,tags
 #1: stderr all=off uptime,level,tags

Environment Variables:
JAVA_HOME=C:\Program Files\Java\jdk-16.0.2
PATH=C:\Program Files\Common Files\Oracle\Java\javapath;C:\Program Files\ImageMagick-7.1.0-Q16-HDRI;C:\Windows\system32;C:\Windows;C:\Windows\System32\Wbem;C:\Windows\System32\WindowsPowerShell\v1.0\;C:\Windows\System32\OpenSSH\;C:\Program Files (x86)\NVIDIA Corporation\PhysX\Common;C:\ProgramData\ComposerSetup\bin;C:\Program Files\Git\cmd;C:\Program Files\nodejs\;C:\Program Files\PuTTY\;C:\Program Files\Java\jdk-16.0.2\bin;C:\Program Files\apache-maven-3.8.1\bin;C:\Program Files\gradle-7.1.1\bin;C:\MinGW\bin;C:\Users\YouHoGeon\AppData\Local\Programs\Python\Python39-32\Scripts\;C:\Users\YouHoGeon\AppData\Local\Programs\Python\Python39-32\;C:\Users\YouHoGeon\AppData\Local\Programs\Python\Python39\Scripts\;C:\Users\YouHoGeon\AppData\Local\Programs\Python\Python39\;C:\OrCAD\OrCAD_16.6_Lite\OpenAccess\bin\win32\opt;C:\OrCAD\OrCAD_16.6_Lite\tools\pcb\bin;C:\OrCAD\OrCAD_16.6_Lite\tools\fet\bin;C:\OrCAD\OrCAD_16.6_Lite\tools\Capture;C:\OrCAD\OrCAD_16.6_Lite\tools\PSpice;C:\OrCAD\OrCAD_16.6_Lite\tools\specctra\bin;C:\OrCAD\OrCAD_16.6_Lite\tools\bin;C:\Users\YouHoGeon\AppData\Local\Microsoft\WindowsApps;C:\Program Files\Bandizip\;C:\altera\13.0sp1\modelsim_ase\win32aloem;C:\Users\YouHoGeon\AppData\Local\Programs\Microsoft VS Code\bin;C:\Program Files\PHP74;C:\Users\YouHoGeon\AppData\Roaming\Composer\vendor\bin;C:\Users\YouHoGeon\AppData\Roaming\npm;C:\Users\YouHoGeon\AppData\Local\Programs\Fiddler
USERNAME=YouHoGeon
LANG=ko_KR.UTF-8
OS=Windows_NT
PROCESSOR_IDENTIFIER=Intel64 Family 6 Model 165 Stepping 5, GenuineIntel



---------------  S Y S T E M  ---------------

OS:
 Windows 10 , 64 bit Build 19041 (10.0.19041.1151)
OS uptime: 2 days 2:20 hours
Hyper-V role detected

CPU: total 16 (initial active 16) (8 cores per cpu, 2 threads per core) family 6 model 165 stepping 5 microcode 0xc8, cx8, cmov, fxsr, ht, mmx, 3dnowpref, sse, sse2, sse3, ssse3, sse4.1, sse4.2, popcnt, lzcnt, tsc, tscinvbit, avx, avx2, aes, erms, clmul, bmi1, bmi2, adx, fma, vzeroupper, clflush, clflushopt, hv

Memory: 4k page, system-wide physical 49049M (33607M free)
TotalPageFile size 74649M (AvailPageFile size 41604M)
current process WorkingSet (physical memory assigned to process): 402M, peak: 402M
current process commit charge ("private bytes"): 2489M, peak: 2489M

vm_info: Java HotSpot(TM) 64-Bit Server VM (16.0.2+7-67) for windows-amd64 JRE (16.0.2+7-67), built on Jun  8 2021 23:24:19 by "mach5one" with MS VC++ 16.7 (VS2019)

END.
